==11719== Memcheck, a memory error detector
==11719== Copyright (C) 2002-2013, and GNU GPL'd, by Julian Seward et al.
==11719== Using Valgrind-3.10.1 and LibVEX; rerun with -h for copyright info
==11719== Command: ./abub ../../CEDlocal/CED/ced_data/30l-13/ 20140509_0 ./checkrun
==11719== Parent PID: 11579
==11719== 
--11719-- 
--11719-- Valgrind options:
--11719--    --leak-check=full
--11719--    --log-file=logfile.out
--11719--    -v
--11719-- Contents of /proc/version:
--11719--   Linux version 3.18.9-200.fc21.x86_64 (mockbuild@bkernel01.phx2.fedoraproject.org) (gcc version 4.9.2 20150212 (Red Hat 4.9.2-6) (GCC) ) #1 SMP Mon Mar 9 15:10:50 UTC 2015
--11719-- Arch and hwcaps: AMD64, LittleEndian, amd64-cx16-rdtscp-sse3-avx
--11719-- Page sizes: currently 4096, max supported 4096
--11719-- Valgrind library directory: /usr/lib64/valgrind
--11719-- Reading syms from /home/pitam/Dropbox/COUPP60/AutoBub2/abub
--11719-- Reading syms from /usr/lib64/valgrind/memcheck-amd64-linux
--11719--    object doesn't have a symbol table
--11719--    object doesn't have a dynamic symbol table
--11719-- Reading syms from /usr/lib64/ld-2.20.so
--11719-- Scheduler: using generic scheduler lock implementation.
--11719-- Reading suppressions file: /usr/lib64/valgrind/default.supp
==11719== embedded gdbserver: reading from /tmp/vgdb-pipe-from-vgdb-to-11719-by-pitam-on-pitwimps
==11719== embedded gdbserver: writing to   /tmp/vgdb-pipe-to-vgdb-from-11719-by-pitam-on-pitwimps
==11719== embedded gdbserver: shared mem   /tmp/vgdb-pipe-shared-mem-vgdb-11719-by-pitam-on-pitwimps
==11719== 
==11719== TO CONTROL THIS PROCESS USING vgdb (which you probably
==11719== don't want to do, unless you know exactly what you're doing,
==11719== or are doing some strange experiment):
==11719==   /usr/lib64/valgrind/../../bin/vgdb --pid=11719 ...command...
==11719== 
==11719== TO DEBUG THIS PROCESS USING GDB: start GDB like this
==11719==   /path/to/gdb ./abub
==11719== and then give GDB the following command
==11719==   target remote | /usr/lib64/valgrind/../../bin/vgdb --pid=11719
==11719== --pid is optional if only one valgrind process is running
==11719== 
--11719-- REDIR: 0x3011a19ea0 (ld-linux-x86-64.so.2:strlen) redirected to 0x380c1e51 (???)
--11719-- Reading syms from /usr/lib64/valgrind/vgpreload_core-amd64-linux.so
--11719--    object doesn't have a symbol table
--11719-- Reading syms from /usr/lib64/valgrind/vgpreload_memcheck-amd64-linux.so
--11719--    object doesn't have a symbol table
==11719== WARNING: new redirection conflicts with existing -- ignoring it
--11719--     old: 0x3011a19ea0 (strlen              ) R-> (0000.0) 0x380c1e51 ???
--11719--     new: 0x3011a19ea0 (strlen              ) R-> (2007.0) 0x04a09c40 strlen
--11719-- REDIR: 0x3011a19c50 (ld-linux-x86-64.so.2:index) redirected to 0x4a097f0 (index)
--11719-- REDIR: 0x3011a19e70 (ld-linux-x86-64.so.2:strcmp) redirected to 0x4a0acf0 (strcmp)
--11719-- REDIR: 0x3011a1ab90 (ld-linux-x86-64.so.2:mempcpy) redirected to 0x4a0d840 (mempcpy)
--11719-- Reading syms from /usr/lib64/libopencv_videostab.so.2.4.9
--11719--    object doesn't have a symbol table
--11719-- Reading syms from /usr/lib64/libopencv_video.so.2.4.9
--11719--    object doesn't have a symbol table
--11719-- Reading syms from /usr/lib64/libopencv_ts.so.2.4.9
--11719--    object doesn't have a symbol table
--11719-- Reading syms from /usr/lib64/libopencv_superres.so.2.4.9
--11719--    object doesn't have a symbol table
--11719-- Reading syms from /usr/lib64/libopencv_stitching.so.2.4.9
--11719--    object doesn't have a symbol table
--11719-- Reading syms from /usr/lib64/libopencv_photo.so.2.4.9
--11719--    object doesn't have a symbol table
--11719-- Reading syms from /usr/lib64/libopencv_ocl.so.2.4.9
--11719--    object doesn't have a symbol table
--11719-- Reading syms from /usr/lib64/libopencv_objdetect.so.2.4.9
--11719--    object doesn't have a symbol table
--11719-- Reading syms from /usr/lib64/libopencv_ml.so.2.4.9
--11719--    object doesn't have a symbol table
--11719-- Reading syms from /usr/lib64/libopencv_legacy.so.2.4.9
--11719--    object doesn't have a symbol table
--11719-- Reading syms from /usr/lib64/libopencv_imgproc.so.2.4.9
--11719--    object doesn't have a symbol table
--11719-- Reading syms from /usr/lib64/libopencv_highgui.so.2.4.9
--11719--    object doesn't have a symbol table
--11719-- Reading syms from /usr/lib64/libopencv_flann.so.2.4.9
--11719--    object doesn't have a symbol table
--11719-- Reading syms from /usr/lib64/libopencv_features2d.so.2.4.9
--11719--    object doesn't have a symbol table
--11719-- Reading syms from /usr/lib64/libopencv_core.so.2.4.9
--11719--    object doesn't have a symbol table
--11719-- Reading syms from /usr/lib64/libopencv_contrib.so.2.4.9
--11719--    object doesn't have a symbol table
--11719-- Reading syms from /usr/lib64/libopencv_calib3d.so.2.4.9
--11719--    object doesn't have a symbol table
--11719-- Reading syms from /home/pitam/Dropbox/COUPP60/AutoBub2/libbgs.so
--11719-- Reading syms from /usr/lib64/libstdc++.so.6.0.20
--11719--    object doesn't have a symbol table
--11719-- Reading syms from /usr/lib64/libm-2.20.so
--11719-- Reading syms from /usr/lib64/libgcc_s-4.9.2-20150212.so.1
--11719--    object doesn't have a symbol table
--11719-- Reading syms from /usr/lib64/libc-2.20.so
--11719-- Reading syms from /usr/lib64/libdl-2.20.so
--11719-- Reading syms from /usr/lib64/libpthread-2.20.so
--11719-- Reading syms from /usr/lib64/librt-2.20.so
--11719-- Reading syms from /usr/lib64/libz.so.1.2.8
--11719--    object doesn't have a symbol table
--11719-- Reading syms from /usr/lib64/libjpeg.so.62.1.0
--11719--    object doesn't have a symbol table
--11719-- Reading syms from /usr/lib64/libpng16.so.16.10.0
--11719--    object doesn't have a symbol table
--11719-- Reading syms from /usr/lib64/libtiff.so.5.2.0
--11719--    object doesn't have a symbol table
--11719-- Reading syms from /usr/lib64/libjasper.so.1.0.0
--11719--    object doesn't have a symbol table
--11719-- Reading syms from /usr/lib64/libImath-2_1.so.11.0.0
--11719--    object doesn't have a symbol table
--11719-- Reading syms from /usr/lib64/libIlmImf-Imf_2_1.so.21.0.0
--11719--    object doesn't have a symbol table
--11719-- Reading syms from /usr/lib64/libIex-2_1.so.11.0.0
--11719--    object doesn't have a symbol table
--11719-- Reading syms from /usr/lib64/libHalf.so.11.0.0
--11719--    object doesn't have a symbol table
--11719-- Reading syms from /usr/lib64/libIlmThread-2_1.so.11.0.0
--11719--    object doesn't have a symbol table
--11719-- Reading syms from /usr/lib64/libgtk-x11-2.0.so.0.2400.27
--11719--    object doesn't have a symbol table
--11719-- Reading syms from /usr/lib64/libgdk-x11-2.0.so.0.2400.27
--11719--    object doesn't have a symbol table
--11719-- Reading syms from /usr/lib64/libpangocairo-1.0.so.0.3600.8
--11719--    object doesn't have a symbol table
--11719-- Reading syms from /usr/lib64/libatk-1.0.so.0.21409.1
--11719--    object doesn't have a symbol table
--11719-- Reading syms from /usr/lib64/libcairo.so.2.11400.0
--11719--    object doesn't have a symbol table
--11719-- Reading syms from /usr/lib64/libgdk_pixbuf-2.0.so.0.3100.1
--11719--    object doesn't have a symbol table
--11719-- Reading syms from /usr/lib64/libgio-2.0.so.0.4200.2
--11719--    object doesn't have a symbol table
--11719-- Reading syms from /usr/lib64/libpangoft2-1.0.so.0.3600.8
--11719--    object doesn't have a symbol table
--11719-- Reading syms from /usr/lib64/libpango-1.0.so.0.3600.8
--11719--    object doesn't have a symbol table
--11719-- Reading syms from /usr/lib64/libgobject-2.0.so.0.4200.2
--11719--    object doesn't have a symbol table
--11719-- Reading syms from /usr/lib64/libglib-2.0.so.0.4200.2
--11719--    object doesn't have a symbol table
--11719-- Reading syms from /usr/lib64/libfontconfig.so.1.8.0
--11719--    object doesn't have a symbol table
--11719-- Reading syms from /usr/lib64/freetype-freeworld/libfreetype.so.6.11.2
--11719--    object doesn't have a symbol table
--11719-- Reading syms from /usr/lib64/libgthread-2.0.so.0.4200.2
--11719--    object doesn't have a symbol table
--11719-- Reading syms from /usr/lib64/libgstbase-1.0.so.0.405.0
--11719--    object doesn't have a symbol table
--11719-- Reading syms from /usr/lib64/libgstreamer-1.0.so.0.405.0
--11719--    object doesn't have a symbol table
--11719-- Reading syms from /usr/lib64/libgstvideo-1.0.so.0.405.0
--11719--    object doesn't have a symbol table
--11719-- Reading syms from /usr/lib64/libgstapp-1.0.so.0.405.0
--11719--    object doesn't have a symbol table
--11719-- Reading syms from /usr/lib64/libgstriff-1.0.so.0.405.0
--11719--    object doesn't have a symbol table
--11719-- Reading syms from /usr/lib64/libgstpbutils-1.0.so.0.405.0
--11719--    object doesn't have a symbol table
--11719-- Reading syms from /usr/lib64/libdc1394.so.22.1.9
--11719--    object doesn't have a symbol table
--11719-- Reading syms from /usr/lib64/libv4l1.so.0.0.0
--11719--    object doesn't have a symbol table
--11719-- Reading syms from /usr/lib64/libjbig.so.2.1
--11719--    object doesn't have a symbol table
--11719-- Reading syms from /usr/lib64/libIexMath-2_1.so.11.0.0
--11719--    object doesn't have a symbol table
--11719-- Reading syms from /usr/lib64/libgmodule-2.0.so.0.4200.2
--11719--    object doesn't have a symbol table
--11719-- Reading syms from /usr/lib64/libX11.so.6.3.0
--11719--    object doesn't have a symbol table
--11719-- Reading syms from /usr/lib64/libXfixes.so.3.1.0
--11719--    object doesn't have a symbol table
--11719-- Reading syms from /usr/lib64/libXrender.so.1.3.0
--11719--    object doesn't have a symbol table
--11719-- Reading syms from /usr/lib64/libXinerama.so.1.0.0
--11719--    object doesn't have a symbol table
--11719-- Reading syms from /usr/lib64/libXi.so.6.1.0
--11719--    object doesn't have a symbol table
--11719-- Reading syms from /usr/lib64/libXrandr.so.2.2.0
--11719--    object doesn't have a symbol table
--11719-- Reading syms from /usr/lib64/libXcursor.so.1.0.2
--11719--    object doesn't have a symbol table
--11719-- Reading syms from /usr/lib64/libXcomposite.so.1.0.0
--11719--    object doesn't have a symbol table
--11719-- Reading syms from /usr/lib64/libXdamage.so.1.1.0
--11719--    object doesn't have a symbol table
--11719-- Reading syms from /usr/lib64/libXext.so.6.4.0
--11719--    object doesn't have a symbol table
--11719-- Reading syms from /usr/lib64/libharfbuzz.so.0.936.0
--11719--    object doesn't have a symbol table
--11719-- Reading syms from /usr/lib64/libpixman-1.so.0.32.6
--11719--    object doesn't have a symbol table
--11719-- Reading syms from /usr/lib64/libEGL.so.1.0.0
--11719--    object doesn't have a symbol table
--11719-- Reading syms from /usr/lib64/libxcb-shm.so.0.0.0
--11719--    object doesn't have a symbol table
--11719-- Reading syms from /usr/lib64/libxcb-render.so.0.0.0
--11719--    object doesn't have a symbol table
--11719-- Reading syms from /usr/lib64/libxcb.so.1.1.0
--11719--    object doesn't have a symbol table
--11719-- Reading syms from /usr/lib64/libGL.so.1.2.0
--11719--    object doesn't have a symbol table
--11719-- Reading syms from /usr/lib64/libffi.so.6.0.2
--11719--    object doesn't have a symbol table
--11719-- Reading syms from /usr/lib64/libselinux.so.1
--11719--    object doesn't have a symbol table
--11719-- Reading syms from /usr/lib64/libresolv-2.20.so
--11719-- Reading syms from /usr/lib64/libexpat.so.1.6.0
--11719--    object doesn't have a symbol table
--11719-- Reading syms from /usr/lib64/libbz2.so.1.0.6
--11719--    object doesn't have a symbol table
--11719-- Reading syms from /usr/lib64/liborc-0.4.so.0.22.0
--11719--    object doesn't have a symbol table
--11719-- Reading syms from /usr/lib64/libgstaudio-1.0.so.0.405.0
--11719--    object doesn't have a symbol table
--11719-- Reading syms from /usr/lib64/libgsttag-1.0.so.0.405.0
--11719--    object doesn't have a symbol table
--11719-- Reading syms from /usr/lib64/libraw1394.so.11.1.0
--11719--    object doesn't have a symbol table
--11719-- Reading syms from /usr/lib64/libusb-1.0.so.0.1.0
--11719--    object doesn't have a symbol table
--11719-- Reading syms from /usr/lib64/libv4l2.so.0.0.0
--11719--    object doesn't have a symbol table
--11719-- Reading syms from /usr/lib64/libgraphite2.so.3.0.1
--11719--    object doesn't have a symbol table
--11719-- Reading syms from /usr/lib64/libX11-xcb.so.1.0.0
--11719--    object doesn't have a symbol table
--11719-- Reading syms from /usr/lib64/libxcb-dri2.so.0.0.0
--11719--    object doesn't have a symbol table
--11719-- Reading syms from /usr/lib64/libxcb-xfixes.so.0.0.0
--11719--    object doesn't have a symbol table
--11719-- Reading syms from /usr/lib64/libxcb-shape.so.0.0.0
--11719--    object doesn't have a symbol table
--11719-- Reading syms from /usr/lib64/libgbm.so.1.0.0
--11719--    object doesn't have a symbol table
--11719-- Reading syms from /usr/lib64/libwayland-client.so.0.3.0
--11719--    object doesn't have a symbol table
--11719-- Reading syms from /usr/lib64/libwayland-server.so.0.1.0
--11719--    object doesn't have a symbol table
--11719-- Reading syms from /usr/lib64/libglapi.so.0.0.0
--11719--    object doesn't have a symbol table
--11719-- Reading syms from /usr/lib64/libdrm.so.2.4.0
--11719--    object doesn't have a symbol table
--11719-- Reading syms from /usr/lib64/libXau.so.6.0.0
--11719--    object doesn't have a symbol table
--11719-- Reading syms from /usr/lib64/libxcb-glx.so.0.0.0
--11719--    object doesn't have a symbol table
--11719-- Reading syms from /usr/lib64/libxcb-dri3.so.0.0.0
--11719--    object doesn't have a symbol table
--11719-- Reading syms from /usr/lib64/libxcb-present.so.0.0.0
--11719--    object doesn't have a symbol table
--11719-- Reading syms from /usr/lib64/libxcb-randr.so.0.1.0
--11719--    object doesn't have a symbol table
--11719-- Reading syms from /usr/lib64/libxcb-sync.so.1.0.0
--11719--    object doesn't have a symbol table
--11719-- Reading syms from /usr/lib64/libxshmfence.so.1.0.0
--11719--    object doesn't have a symbol table
--11719-- Reading syms from /usr/lib64/libXxf86vm.so.1.0.0
--11719--    object doesn't have a symbol table
--11719-- Reading syms from /usr/lib64/libpcre.so.1.2.3
--11719--    object doesn't have a symbol table
--11719-- Reading syms from /usr/lib64/liblzma.so.5.0.99
--11719--    object doesn't have a symbol table
--11719-- Reading syms from /usr/lib64/libudev.so.1.6.1
--11719--    object doesn't have a symbol table
--11719-- Reading syms from /usr/lib64/libv4lconvert.so.0.0.0
--11719--    object doesn't have a symbol table
--11719-- Reading syms from /usr/lib64/libdw-0.161.so
--11719--    object doesn't have a symbol table
--11719-- Reading syms from /usr/lib64/libelf-0.161.so
--11719--    object doesn't have a symbol table
--11719-- REDIR: 0x3011e8ef40 (libc.so.6:strcasecmp) redirected to 0x480172e (_vgnU_ifunc_wrapper)
--11719-- REDIR: 0x3011e91230 (libc.so.6:strncasecmp) redirected to 0x480172e (_vgnU_ifunc_wrapper)
--11719-- REDIR: 0x3011e8e6c0 (libc.so.6:memcpy@GLIBC_2.2.5) redirected to 0x480172e (_vgnU_ifunc_wrapper)
--11719-- REDIR: 0x3011e89200 (libc.so.6:strcmp) redirected to 0x480172e (_vgnU_ifunc_wrapper)
--11719-- REDIR: 0x3011e8b080 (libc.so.6:strncmp) redirected to 0x480172e (_vgnU_ifunc_wrapper)
--11719-- REDIR: 0x3011e88fb0 (libc.so.6:index) redirected to 0x480172e (_vgnU_ifunc_wrapper)
--11719-- REDIR: 0x3011e8db70 (libc.so.6:strstr) redirected to 0x480172e (_vgnU_ifunc_wrapper)
--11719-- REDIR: 0x3011e8e100 (libc.so.6:bcmp) redirected to 0x480172e (_vgnU_ifunc_wrapper)
--11719-- REDIR: 0x3011e93910 (libc.so.6:memcpy@@GLIBC_2.14) redirected to 0x480172e (_vgnU_ifunc_wrapper)
--11719-- REDIR: 0x3011e8e890 (libc.so.6:mempcpy) redirected to 0x480172e (_vgnU_ifunc_wrapper)
--11719-- REDIR: 0x3011e8c960 (libc.so.6:rindex) redirected to 0x4a094d0 (rindex)
--11719-- REDIR: 0x3011e8ac60 (libc.so.6:strlen) redirected to 0x4a09b80 (strlen)
--11719-- REDIR: 0x3011e830f0 (libc.so.6:malloc) redirected to 0x4a06b48 (malloc)
--11719-- REDIR: 0x3011e93980 (libc.so.6:__GI_memcpy) redirected to 0x4a0b6f0 (__GI_memcpy)
--11719-- REDIR: 0x3011e8e720 (libc.so.6:memset) redirected to 0x480172e (_vgnU_ifunc_wrapper)
--11719-- REDIR: 0x3011e8e790 (libc.so.6:__GI_memset) redirected to 0x4a0cdd0 (memset)
--11719-- REDIR: 0xffffffffff600000 (???:???) redirected to 0x380c1e33 (???)
--11719-- REDIR: 0x3011e84860 (libc.so.6:calloc) redirected to 0x4a088b0 (calloc)
--11719-- REDIR: 0x3011f45b20 (libc.so.6:__memcpy_avx_unaligned) redirected to 0x4a0b0d0 (memcpy@@GLIBC_2.14)
--11719-- REDIR: 0x3011f46250 (libc.so.6:__strcmp_ssse3) redirected to 0x4a0abb0 (strcmp)
--11719-- REDIR: 0x3011e84340 (libc.so.6:realloc) redirected to 0x4a08a52 (realloc)
--11719-- REDIR: 0x3011f45630 (libc.so.6:__memmove_avx_unaligned) redirected to 0x4a0ae50 (memcpy@GLIBC_2.2.5)
--11719-- REDIR: 0x3011e88fe0 (libc.so.6:__GI_strchr) redirected to 0x4a09630 (__GI_strchr)
--11719-- REDIR: 0x3011e88db0 (libc.so.6:strcat) redirected to 0x480172e (_vgnU_ifunc_wrapper)
--11719-- REDIR: 0x3011ea36a0 (libc.so.6:__strcat_sse2_unaligned) redirected to 0x4a09830 (strcat)
--11719-- REDIR: 0x3011e83440 (libc.so.6:free) redirected to 0x4a07c62 (free)
--11719-- REDIR: 0x3011e8e140 (libc.so.6:__GI_memcmp) redirected to 0x4a0c680 (__GI_memcmp)
--11719-- REDIR: 0x3015a5f5f0 (libstdc++.so.6:operator new(unsigned long)) redirected to 0x4a07050 (operator new(unsigned long))
--11719-- REDIR: 0x3011f660b0 (libc.so.6:__memcmp_sse4_1) redirected to 0x4a0c700 (__memcmp_sse4_1)
--11719-- REDIR: 0x3015a5d740 (libstdc++.so.6:operator delete(void*)) redirected to 0x4a0807c (operator delete(void*))
--11719-- REDIR: 0x3011e95ca0 (libc.so.6:strchrnul) redirected to 0x4a0d460 (strchrnul)
--11719-- REDIR: 0x3011e8e540 (libc.so.6:__GI_memmove) redirected to 0x4a0d100 (__GI_memmove)
--11719-- REDIR: 0x3011e95a90 (libc.so.6:rawmemchr) redirected to 0x4a0d490 (rawmemchr)
--11719-- REDIR: 0x3011e8d5a0 (libc.so.6:__GI_strstr) redirected to 0x4a0dac0 (__strstr_sse2)
--11719-- REDIR: 0x3011e8ddb0 (libc.so.6:memchr) redirected to 0x4a0ad90 (memchr)
--11719-- REDIR: 0x3011f45ec0 (libc.so.6:__mempcpy_avx_unaligned) redirected to 0x4a0d570 (mempcpy)
--11719-- REDIR: 0x3011ea4f20 (libc.so.6:__strstr_sse2_unaligned) redirected to 0x4a0da30 (strstr)
--11719-- REDIR: 0x3011e8a690 (libc.so.6:strcpy) redirected to 0x480172e (_vgnU_ifunc_wrapper)
--11719-- REDIR: 0x3011ea0880 (libc.so.6:__strcpy_sse2_unaligned) redirected to 0x4a09c60 (strcpy)
--11719-- REDIR: 0x3015a5f6b0 (libstdc++.so.6:operator new[](unsigned long)) redirected to 0x4a076f5 (operator new[](unsigned long))
--11719-- REDIR: 0x3015a5d760 (libstdc++.so.6:operator delete[](void*)) redirected to 0x4a0852c (operator delete[](void*))
--11719-- REDIR: 0x3011e8c920 (libc.so.6:strncpy) redirected to 0x480172e (_vgnU_ifunc_wrapper)
--11719-- REDIR: 0x3011ea0eb0 (libc.so.6:__strncpy_sse2_unaligned) redirected to 0x4a0a190 (__strncpy_sse2_unaligned)
==11719== 
==11719== Process terminating with default action of signal 15 (SIGTERM)
==11719==    at 0x3011EF4C8D: ??? (in /usr/lib64/libc-2.20.so)
==11719==    by 0x303620F58B: ??? (in /usr/lib64/libusb-1.0.so.0.1.0)
==11719==    by 0x3012607529: start_thread (in /usr/lib64/libpthread-2.20.so)
==11719==    by 0x3011F0022C: clone (in /usr/lib64/libc-2.20.so)
==11719== 
==11719== HEAP SUMMARY:
==11719==     in use at exit: 1,553,761,663 bytes in 44,391,078 blocks
==11719==   total heap usage: 44,391,929 allocs, 851 frees, 1,563,959,502 bytes allocated
==11719== 
